TN:
SF:src/http.js
FN:1,core
FN:4,(anonymous_1)
FN:7,(anonymous_2)
FN:14,(anonymous_3)
FNF:4
FNH:0
FNDA:0,core
FNDA:0,(anonymous_1)
FNDA:0,(anonymous_2)
FNDA:0,(anonymous_3)
DA:2,0
DA:3,0
DA:4,0
DA:5,0
DA:7,0
DA:8,0
DA:10,0
DA:15,0
LF:8
LH:0
BRDA:5,0,0,0
BRDA:5,0,1,0
BRDA:8,1,0,0
BRDA:8,1,1,0
BRF:4
BRH:0
end_of_record
TN:
SF:src/svg.js
FN:1,(anonymous_0)
FN:1,(anonymous_1)
FN:1,(anonymous_2)
FN:1,(anonymous_3)
FN:1,(anonymous_4)
FN:1,a
FN:1,(anonymous_6)
FNF:7
FNH:4
FNDA:5,(anonymous_0)
FNDA:5,(anonymous_1)
FNDA:5,(anonymous_2)
FNDA:0,(anonymous_3)
FNDA:0,(anonymous_4)
FNDA:0,a
FNDA:5,(anonymous_6)
DA:1,5
LF:1
LH:1
BRDA:1,0,0,0
BRDA:1,0,1,5
BRDA:1,1,0,5
BRDA:1,1,1,0
BRDA:1,2,0,0
BRDA:1,2,1,0
BRDA:1,3,0,5
BRDA:1,3,1,0
BRDA:1,4,0,0
BRDA:1,4,1,5
BRDA:1,5,0,0
BRDA:1,5,1,0
BRDA:1,6,0,0
BRDA:1,6,1,0
BRDA:1,7,0,0
BRDA:1,7,1,0
BRDA:1,8,0,5
BRDA:1,8,1,5
BRDA:1,9,0,5
BRDA:1,9,1,0
BRF:20
BRH:7
end_of_record
TN:
SF:src/validate.js
FN:2,(anonymous_0)
FN:5,(anonymous_1)
FN:6,(anonymous_2)
FN:8,(anonymous_3)
FN:18,(anonymous_4)
FN:19,(anonymous_5)
FN:34,(anonymous_6)
FN:39,(anonymous_7)
FN:47,(anonymous_8)
FN:53,(anonymous_9)
FN:60,ensureObject
FNF:11
FNH:11
FNDA:1,(anonymous_0)
FNDA:13,(anonymous_1)
FNDA:13,(anonymous_2)
FNDA:13,(anonymous_3)
FNDA:33,(anonymous_4)
FNDA:16,(anonymous_5)
FNDA:5,(anonymous_6)
FNDA:8,(anonymous_7)
FNDA:1,(anonymous_8)
FNDA:3,(anonymous_9)
FNDA:14,ensureObject
DA:3,1
DA:7,13
DA:8,13
DA:9,13
DA:10,13
DA:11,5
DA:12,5
DA:13,2
DA:14,2
DA:15,2
DA:18,33
DA:19,11
DA:20,16
DA:21,15
DA:22,15
DA:23,12
DA:24,12
DA:27,1
DA:31,12
DA:35,5
DA:36,2
DA:40,8
DA:41,6
DA:43,8
DA:44,6
DA:48,1
DA:49,1
DA:54,3
DA:55,2
DA:61,14
DA:62,10
LF:31
LH:31
BRDA:10,0,0,5
BRDA:10,0,1,8
BRDA:12,1,0,2
BRDA:12,1,1,3
BRDA:18,2,0,33
BRDA:18,2,1,22
BRDA:20,3,0,15
BRDA:20,3,1,1
BRDA:22,4,0,12
BRDA:22,4,1,3
BRDA:35,5,0,2
BRDA:35,5,1,3
BRDA:35,6,0,5
BRDA:35,6,1,4
BRDA:40,7,0,6
BRDA:40,7,1,2
BRDA:43,8,0,6
BRDA:43,8,1,2
BRDA:48,9,0,1
BRDA:48,9,1,0
BRDA:54,10,0,2
BRDA:54,10,1,1
BRDA:61,11,0,10
BRDA:61,11,1,4
BRF:24
BRH:23
end_of_record
